2025-02-14 16:12:07 [ TCP & NETWORKSTREAM ] : No active connection, attempting to connect...
2025-02-14 16:12:07 [ TCP CLIENT ] : Successfully connected to server
2025-02-14 16:12:07 [ NETWORKSTREAM ] : Packet sent success.
2025-02-14 16:12:07 [ JSON RESPONSE ] : Received response: {"Type":4,"Data":{"success":"false","message":"Invalid username or password"},"Success":false,"Message":"Invalid username or password"}
2025-02-14 16:12:07 [ SERVER RESPONSE ] : Response validation successful
2025-02-14 16:12:22 [ TCP & NETWORKSTREAM ] : No active connection, attempting to connect...
2025-02-14 16:12:22 [ TCP CLIENT ] : Successfully connected to server
2025-02-14 16:12:22 [ NETWORKSTREAM ] : Packet sent success.
2025-02-14 16:12:22 [ JSON RESPONSE ] : Received response: {"Type":4,"Data":{"success":"true","message":"Login successful","userId":"1","username":"joma","role":"staff"},"Success":true,"Message":"Login successful"}
2025-02-14 16:12:22 [ SERVER RESPONSE ] : Response validation successful
2025-02-14 16:20:23 [ TCP & NETWORKSTREAM ] : No active connection, attempting to connect...
2025-02-14 16:20:23 [ TCP CLIENT ] : Successfully connected to server
2025-02-14 16:20:23 [ NETWORKSTREAM ] : Packet sent success.
2025-02-14 16:20:23 [ JSON RESPONSE ] : Received response: {"Type":4,"Data":{"success":"false","message":"Invalid username or password"},"Success":false,"Message":"Invalid username or password"}
2025-02-14 16:20:23 [ SERVER RESPONSE ] : Response validation successful
2025-02-14 16:20:27 [ TCP & NETWORKSTREAM ] : No active connection, attempting to connect...
2025-02-14 16:20:27 [ TCP CLIENT ] : Successfully connected to server
2025-02-14 16:20:27 [ NETWORKSTREAM ] : Packet sent success.
2025-02-14 16:20:27 [ JSON RESPONSE ] : Received response: {"Type":4,"Data":{"success":"true","message":"Login successful","userId":"1","username":"joma","role":"staff"},"Success":true,"Message":"Login successful"}
2025-02-14 16:20:27 [ SERVER RESPONSE ] : Response validation successful
2025-02-14 16:20:27 [ CURRENT USER ] : Current user set successfully
2025-02-14 16:23:08 [ TCP & NETWORKSTREAM ] : No active connection, attempting to connect...
2025-02-14 16:23:08 [ TCP CLIENT ] : Successfully connected to server
2025-02-14 16:23:08 [ NETWORKSTREAM ] : Packet sent success.
2025-02-14 16:23:08 [ JSON RESPONSE ] : Received response: {"Type":4,"Data":{"success":"true","message":"Login successful","userId":"1","username":"joma","role":"staff"},"Success":true,"Message":"Login successful"}
2025-02-14 16:23:08 [ SERVER RESPONSE ] : Response validation successful
2025-02-14 16:23:08 [ CURRENT USER ] : Current user set successfully
2025-02-14 16:27:50 [ TCP & NETWORKSTREAM ] : No active connection, attempting to connect...
2025-02-14 16:27:50 [ TCP CLIENT ] : Successfully connected to server
2025-02-14 16:27:51 [ NETWORKSTREAM ] : Packet sent success.
2025-02-14 16:27:51 [ JSON RESPONSE ] : Received response: {"Type":4,"Data":{"success":"true","message":"Login successful","userId":"1","username":"joma","role":"staff"},"Success":true,"Message":"Login successful"}
2025-02-14 16:27:51 [ SERVER RESPONSE ] : Response validation successful
2025-02-14 16:27:52 [ CURRENT USER ] : Current user set successfully
2025-02-14 16:33:01 [ TCP & NETWORKSTREAM ] : No active connection, attempting to connect...
2025-02-14 16:33:01 [ TCP CLIENT ] : Successfully connected to server
2025-02-14 16:33:01 [ NETWORKSTREAM ] : Packet sent success.
2025-02-14 16:33:01 [ JSON RESPONSE ] : Received response: {"Type":4,"Data":{"success":"true","message":"Login successful","userId":"1","username":"joma","role":"staff"},"Success":true,"Message":"Login successful"}
2025-02-14 16:33:01 [ SERVER RESPONSE ] : Response validation successful
2025-02-14 16:33:03 [ CURRENT USER ] : Current user set successfully
2025-02-14 16:37:59 [ TCP & NETWORKSTREAM ] : No active connection, attempting to connect...
2025-02-14 16:37:59 [ TCP CLIENT ] : Successfully connected to server
2025-02-14 16:37:59 [ NETWORKSTREAM ] : Packet sent success.
2025-02-14 16:37:59 [ JSON RESPONSE ] : Received response: {"Type":4,"Data":{"success":"true","message":"Login successful","userId":"1","username":"joma","role":"staff"},"Success":true,"Message":"Login successful"}
2025-02-14 16:37:59 [ SERVER RESPONSE ] : Response validation successful
2025-02-14 16:38:00 [ CURRENT USER ] : Current user set successfully
2025-02-14 16:41:01 [ TCP & NETWORKSTREAM ] : No active connection, attempting to connect...
2025-02-14 16:41:01 [ TCP CLIENT ] : Successfully connected to server
2025-02-14 16:41:01 [ NETWORKSTREAM ] : Packet sent success.
2025-02-14 16:41:01 [ JSON RESPONSE ] : Received response: {"Type":4,"Data":{"success":"false","message":"Invalid username or password"},"Success":false,"Message":"Invalid username or password"}
2025-02-14 16:41:01 [ SERVER RESPONSE ] : Response validation successful
2025-02-14 16:41:04 [ TCP & NETWORKSTREAM ] : No active connection, attempting to connect...
2025-02-14 16:41:04 [ TCP CLIENT ] : Successfully connected to server
2025-02-14 16:41:04 [ NETWORKSTREAM ] : Packet sent success.
2025-02-14 16:41:04 [ JSON RESPONSE ] : Received response: {"Type":4,"Data":{"success":"true","message":"Login successful","userId":"1","username":"joma","role":"staff"},"Success":true,"Message":"Login successful"}
2025-02-14 16:41:04 [ SERVER RESPONSE ] : Response validation successful
2025-02-14 16:41:04 [ CURRENT USER ] : Current user set successfully
2025-02-14 21:23:04 [ TCP & NETWORKSTREAM ] : No active connection, attempting to connect...
2025-02-14 21:23:04 [ TCP CLIENT ] : Successfully connected to server
2025-02-14 21:23:04 [ NETWORKSTREAM ] : Packet sent success.
2025-02-14 21:23:05 [ JSON RESPONSE ] : Received response: {"Type":4,"Data":{"success":"true","message":"Login successful","userId":"1","username":"joma","role":"staff"},"Success":true,"Message":"Login successful"}
2025-02-14 21:23:05 [ SERVER RESPONSE ] : Response validation successful
2025-02-14 21:23:05 [ CURRENT USER ] : Current user set successfully
