2025-02-13 18:27:49 [ TCP & NETWORKSTREAM ] : No active connection, attempting to connect...
2025-02-13 18:27:49 [ TCP CLIENT ] : Successfully connected to server
2025-02-13 18:27:49 [ NETWORKSTREAM ] : Sent packet: {"Type":1,"Data":{"username":"joma","password":"12345678@Joma"},"Success":false,"Message":""}
2025-02-13 18:27:50 [ JSON RESPONSE ] : Received response: {"Type":2,"Data":{"success":"false","message":"Username already exists"},"Success":false,"Message":"Username already exists"}
2025-02-13 18:27:50 [ SERVER RESPONSE ] : Response validation successful
2025-02-13 18:29:06 [ TCP & NETWORKSTREAM ] : No active connection, attempting to connect...
2025-02-13 18:29:06 [ TCP CLIENT ] : Successfully connected to server
2025-02-13 18:29:06 [ NETWORKSTREAM ] : Sent packet: {"Type":1,"Data":{"username":"joma","password":"12345678@Joma"},"Success":false,"Message":""}
2025-02-13 18:29:06 [ JSON RESPONSE ] : Received response: {"Type":2,"Data":{"success":"false","message":"Username already exists"},"Success":false,"Message":"Username already exists"}
2025-02-13 18:29:06 [ SERVER RESPONSE ] : Response validation successful
2025-02-13 18:31:21 [ TCP & NETWORKSTREAM ] : No active connection, attempting to connect...
2025-02-13 18:31:21 [ TCP CLIENT ] : Successfully connected to server
2025-02-13 18:31:21 [ NETWORKSTREAM ] : Sent packet: {"Type":1,"Data":{"username":"joma","password":"12345678@Joma"},"Success":false,"Message":""}
2025-02-13 18:31:21 [ JSON RESPONSE ] : Received response: {"Type":2,"Data":{"success":"false","message":"Username already exists"},"Success":false,"Message":"Username already exists"}
2025-02-13 18:31:21 [ SERVER RESPONSE ] : Response validation successful
2025-02-13 18:35:25 [ TCP & NETWORKSTREAM ] : No active connection, attempting to connect...
2025-02-13 18:35:25 [ TCP CLIENT ] : Successfully connected to server
2025-02-13 18:35:25 [ NETWORKSTREAM ] : Packet sent success.
2025-02-13 18:35:25 [ JSON RESPONSE ] : Received response: {"Type":2,"Data":{"success":"false","message":"Username already exists"},"Success":false,"Message":"Username already exists"}
2025-02-13 18:35:25 [ SERVER RESPONSE ] : Response validation successful
2025-02-13 21:52:28 [ TCP & NETWORKSTREAM ] : No active connection, attempting to connect...
2025-02-13 21:52:28 [ TCP CLIENT ] : Successfully connected to server
2025-02-13 21:52:28 [ NETWORKSTREAM ] : Packet sent success.
2025-02-13 21:52:28 [ JSON RESPONSE ] : Received response: {"Type":4,"Data":{"success":"false","message":"Invalid username or password"},"Success":false,"Message":"Invalid username or password"}
2025-02-13 21:52:28 [ SERVER RESPONSE ] : Response validation successful
2025-02-13 21:56:11 [ TCP & NETWORKSTREAM ] : No active connection, attempting to connect...
2025-02-13 21:56:11 [ TCP CLIENT ] : Successfully connected to server
2025-02-13 21:56:11 [ NETWORKSTREAM ] : Packet sent success.
2025-02-13 21:56:11 [ JSON RESPONSE ] : Received response: {"Type":4,"Data":{"success":"false","message":"Invalid username or password"},"Success":false,"Message":"Invalid username or password"}
2025-02-13 21:56:11 [ SERVER RESPONSE ] : Response validation successful
2025-02-13 21:56:22 [ TCP & NETWORKSTREAM ] : No active connection, attempting to connect...
2025-02-13 21:56:22 [ TCP CLIENT ] : Successfully connected to server
2025-02-13 21:56:22 [ NETWORKSTREAM ] : Packet sent success.
2025-02-13 21:56:22 [ JSON RESPONSE ] : Received response: {"Type":4,"Data":{"success":"false","message":"Invalid username or password"},"Success":false,"Message":"Invalid username or password"}
2025-02-13 21:56:22 [ SERVER RESPONSE ] : Response validation successful
2025-02-13 21:56:41 [ TCP & NETWORKSTREAM ] : No active connection, attempting to connect...
2025-02-13 21:56:41 [ TCP CLIENT ] : Successfully connected to server
2025-02-13 21:56:41 [ NETWORKSTREAM ] : Packet sent success.
2025-02-13 21:56:41 [ JSON RESPONSE ] : Received response: {"Type":2,"Data":{"success":"true","message":"Registration successful"},"Success":true,"Message":"Registration successful"}
2025-02-13 21:56:41 [ SERVER RESPONSE ] : Response validation successful
2025-02-13 21:56:51 [ TCP & NETWORKSTREAM ] : No active connection, attempting to connect...
2025-02-13 21:56:51 [ TCP CLIENT ] : Successfully connected to server
2025-02-13 21:56:51 [ NETWORKSTREAM ] : Packet sent success.
2025-02-13 21:56:51 [ JSON RESPONSE ] : Received response: {"Type":4,"Data":{"success":"false","message":"Invalid username or password"},"Success":false,"Message":"Invalid username or password"}
2025-02-13 21:56:51 [ SERVER RESPONSE ] : Response validation successful
2025-02-13 21:56:55 [ TCP & NETWORKSTREAM ] : No active connection, attempting to connect...
2025-02-13 21:56:55 [ TCP CLIENT ] : Successfully connected to server
2025-02-13 21:56:55 [ NETWORKSTREAM ] : Packet sent success.
2025-02-13 21:56:55 [ JSON RESPONSE ] : Received response: {"Type":4,"Data":{"success":"true","message":"Login successful"},"Success":true,"Message":"Login successful"}
2025-02-13 21:56:55 [ SERVER RESPONSE ] : Response validation successful
2025-02-13 22:16:26 [ TCP & NETWORKSTREAM ] : No active connection, attempting to connect...
2025-02-13 22:16:26 [ TCP CLIENT ] : Successfully connected to server
2025-02-13 22:16:26 [ NETWORKSTREAM ] : Packet sent success.
2025-02-13 22:16:26 [ JSON RESPONSE ] : Received response: {"Type":4,"Data":{"success":"false","message":"Internal server error"},"Success":false,"Message":"Internal server error"}
2025-02-13 22:16:26 [ SERVER RESPONSE ] : Response validation successful
2025-02-13 22:16:49 [ TCP & NETWORKSTREAM ] : No active connection, attempting to connect...
2025-02-13 22:16:49 [ TCP CLIENT ] : Successfully connected to server
2025-02-13 22:16:49 [ NETWORKSTREAM ] : Packet sent success.
2025-02-13 22:16:49 [ JSON RESPONSE ] : Received response: {"Type":4,"Data":{"success":"false","message":"Internal server error"},"Success":false,"Message":"Internal server error"}
2025-02-13 22:16:49 [ SERVER RESPONSE ] : Response validation successful
2025-02-13 22:21:28 [ TCP & NETWORKSTREAM ] : No active connection, attempting to connect...
2025-02-13 22:21:28 [ TCP CLIENT ] : Successfully connected to server
2025-02-13 22:21:28 [ NETWORKSTREAM ] : Packet sent success.
2025-02-13 22:21:28 [ JSON RESPONSE ] : Received response: {"Type":4,"Data":{"success":"false","message":"Internal server error"},"Success":false,"Message":"Internal server error"}
2025-02-13 22:21:28 [ SERVER RESPONSE ] : Response validation successful
2025-02-13 22:21:45 [ TCP & NETWORKSTREAM ] : No active connection, attempting to connect...
2025-02-13 22:21:45 [ TCP CLIENT ] : Successfully connected to server
2025-02-13 22:21:45 [ NETWORKSTREAM ] : Packet sent success.
2025-02-13 22:21:45 [ JSON RESPONSE ] : Received response: {"Type":4,"Data":{"success":"false","message":"Internal server error"},"Success":false,"Message":"Internal server error"}
2025-02-13 22:21:45 [ SERVER RESPONSE ] : Response validation successful
2025-02-13 22:24:10 [ TCP & NETWORKSTREAM ] : No active connection, attempting to connect...
2025-02-13 22:24:12 [ SOCKET ] : Socket error: No connection could be made because the target machine actively refused it.
2025-02-13 22:24:12 [ SOCKET ] : Could not connect to server. Please check if the server is running.
2025-02-13 22:24:12 [ TCP CLIENT ] : Could not establish connection to server
2025-02-13 22:24:12 [ NETWORKSTREAM ] : Network stream is not available
2025-02-13 22:24:34 [ TCP & NETWORKSTREAM ] : No active connection, attempting to connect...
2025-02-13 22:24:34 [ TCP CLIENT ] : Successfully connected to server
2025-02-13 22:24:34 [ NETWORKSTREAM ] : Packet sent success.
2025-02-13 22:24:34 [ JSON RESPONSE ] : Received response: {"Type":4,"Data":{"success":"true","message":"Login successful","userId":"1","username":"joma","role":"staff"},"Success":true,"Message":"Login successful"}
2025-02-13 22:24:34 [ SERVER RESPONSE ] : Response validation successful
2025-02-13 22:26:24 [ TCP & NETWORKSTREAM ] : No active connection, attempting to connect...
2025-02-13 22:26:24 [ TCP CLIENT ] : Successfully connected to server
2025-02-13 22:26:24 [ NETWORKSTREAM ] : Packet sent success.
2025-02-13 22:26:24 [ JSON RESPONSE ] : Received response: {"Type":4,"Data":{"success":"false","message":"Invalid username or password"},"Success":false,"Message":"Invalid username or password"}
2025-02-13 22:26:24 [ SERVER RESPONSE ] : Response validation successful
2025-02-13 22:26:32 [ TCP & NETWORKSTREAM ] : No active connection, attempting to connect...
2025-02-13 22:26:32 [ TCP CLIENT ] : Successfully connected to server
2025-02-13 22:26:32 [ NETWORKSTREAM ] : Packet sent success.
2025-02-13 22:26:32 [ JSON RESPONSE ] : Received response: {"Type":4,"Data":{"success":"true","message":"Login successful","userId":"1","username":"joma","role":"staff"},"Success":true,"Message":"Login successful"}
2025-02-13 22:26:32 [ SERVER RESPONSE ] : Response validation successful
2025-02-13 22:27:27 [ TCP & NETWORKSTREAM ] : No active connection, attempting to connect...
2025-02-13 22:27:27 [ TCP CLIENT ] : Successfully connected to server
2025-02-13 22:27:27 [ NETWORKSTREAM ] : Packet sent success.
2025-02-13 22:27:27 [ JSON RESPONSE ] : Received response: {"Type":4,"Data":{"success":"false","message":"Invalid username or password"},"Success":false,"Message":"Invalid username or password"}
2025-02-13 22:27:27 [ SERVER RESPONSE ] : Response validation successful
2025-02-13 22:36:34 [ TCP & NETWORKSTREAM ] : No active connection, attempting to connect...
2025-02-13 22:36:34 [ TCP CLIENT ] : Successfully connected to server
2025-02-13 22:36:34 [ NETWORKSTREAM ] : Packet sent success.
2025-02-13 22:36:35 [ JSON RESPONSE ] : Received response: {"Type":4,"Data":{"success":"false","message":"Invalid username or password"},"Success":false,"Message":"Invalid username or password"}
2025-02-13 22:36:35 [ SERVER RESPONSE ] : Response validation successful
2025-02-13 22:36:53 [ TCP & NETWORKSTREAM ] : No active connection, attempting to connect...
2025-02-13 22:36:53 [ TCP CLIENT ] : Successfully connected to server
2025-02-13 22:36:53 [ NETWORKSTREAM ] : Packet sent success.
2025-02-13 22:36:53 [ JSON RESPONSE ] : Received response: {"Type":4,"Data":{"success":"false","message":"Invalid username or password"},"Success":false,"Message":"Invalid username or password"}
2025-02-13 22:36:53 [ SERVER RESPONSE ] : Response validation successful
2025-02-13 22:36:58 [ TCP & NETWORKSTREAM ] : No active connection, attempting to connect...
2025-02-13 22:36:58 [ TCP CLIENT ] : Successfully connected to server
2025-02-13 22:36:58 [ NETWORKSTREAM ] : Packet sent success.
2025-02-13 22:36:58 [ JSON RESPONSE ] : Received response: {"Type":4,"Data":{"success":"false","message":"Account temporarily locked. Please try again later or contact admin."},"Success":false,"Message":"Account temporarily locked. Please try again later or contact admin."}
2025-02-13 22:36:58 [ SERVER RESPONSE ] : Response validation successful
2025-02-13 22:37:12 [ TCP & NETWORKSTREAM ] : No active connection, attempting to connect...
2025-02-13 22:37:12 [ TCP CLIENT ] : Successfully connected to server
2025-02-13 22:37:12 [ NETWORKSTREAM ] : Packet sent success.
2025-02-13 22:37:12 [ JSON RESPONSE ] : Received response: {"Type":4,"Data":{"success":"false","message":"Account temporarily locked. Please try again later or contact admin."},"Success":false,"Message":"Account temporarily locked. Please try again later or contact admin."}
2025-02-13 22:37:12 [ SERVER RESPONSE ] : Response validation successful
2025-02-13 22:37:20 [ TCP & NETWORKSTREAM ] : No active connection, attempting to connect...
2025-02-13 22:37:20 [ TCP CLIENT ] : Successfully connected to server
2025-02-13 22:37:20 [ NETWORKSTREAM ] : Packet sent success.
2025-02-13 22:37:20 [ JSON RESPONSE ] : Received response: {"Type":4,"Data":{"success":"false","message":"Account temporarily locked. Please try again later or contact admin."},"Success":false,"Message":"Account temporarily locked. Please try again later or contact admin."}
2025-02-13 22:37:20 [ SERVER RESPONSE ] : Response validation successful
2025-02-13 22:37:27 [ TCP & NETWORKSTREAM ] : No active connection, attempting to connect...
2025-02-13 22:37:27 [ TCP CLIENT ] : Successfully connected to server
2025-02-13 22:37:27 [ NETWORKSTREAM ] : Packet sent success.
2025-02-13 22:37:27 [ JSON RESPONSE ] : Received response: {"Type":4,"Data":{"success":"false","message":"Account temporarily locked. Please try again later or contact admin."},"Success":false,"Message":"Account temporarily locked. Please try again later or contact admin."}
2025-02-13 22:37:27 [ SERVER RESPONSE ] : Response validation successful
2025-02-13 22:37:35 [ TCP & NETWORKSTREAM ] : No active connection, attempting to connect...
2025-02-13 22:37:35 [ TCP CLIENT ] : Successfully connected to server
2025-02-13 22:37:35 [ NETWORKSTREAM ] : Packet sent success.
2025-02-13 22:37:35 [ JSON RESPONSE ] : Received response: {"Type":4,"Data":{"success":"false","message":"Account temporarily locked. Please try again later or contact admin."},"Success":false,"Message":"Account temporarily locked. Please try again later or contact admin."}
2025-02-13 22:37:35 [ SERVER RESPONSE ] : Response validation successful
2025-02-13 22:47:39 [ TCP & NETWORKSTREAM ] : No active connection, attempting to connect...
2025-02-13 22:47:41 [ SOCKET ] : Socket error: No connection could be made because the target machine actively refused it.
2025-02-13 22:47:41 [ SOCKET ] : Could not connect to server. Please check if the server is running.
2025-02-13 22:47:41 [ TCP CLIENT ] : Could not establish connection to server
2025-02-13 22:47:41 [ NETWORKSTREAM ] : Network stream is not available
2025-02-13 23:36:02 [ TCP & NETWORKSTREAM ] : No active connection, attempting to connect...
2025-02-13 23:36:02 [ TCP CLIENT ] : Successfully connected to server
2025-02-13 23:36:02 [ NETWORKSTREAM ] : Packet sent success.
2025-02-13 23:36:03 [ JSON RESPONSE ] : Received response: {"Type":4,"Data":{"success":"false","message":"Invalid username or password"},"Success":false,"Message":"Invalid username or password"}
2025-02-13 23:36:03 [ SERVER RESPONSE ] : Response validation successful
2025-02-13 23:39:22 [ TCP & NETWORKSTREAM ] : No active connection, attempting to connect...
2025-02-13 23:39:22 [ TCP CLIENT ] : Successfully connected to server
2025-02-13 23:39:22 [ NETWORKSTREAM ] : Packet sent success.
2025-02-13 23:39:22 [ JSON RESPONSE ] : Received response: {"Type":4,"Data":{"success":"true","message":"Login successful","userId":"1","username":"joma","role":"staff"},"Success":true,"Message":"Login successful"}
2025-02-13 23:39:22 [ SERVER RESPONSE ] : Response validation successful
2025-02-13 23:41:25 [ TCP & NETWORKSTREAM ] : No active connection, attempting to connect...
2025-02-13 23:41:25 [ TCP CLIENT ] : Successfully connected to server
2025-02-13 23:41:26 [ NETWORKSTREAM ] : Packet sent success.
2025-02-13 23:41:26 [ JSON RESPONSE ] : Received response: {"Type":4,"Data":{"success":"false","message":"Invalid username or password"},"Success":false,"Message":"Invalid username or password"}
2025-02-13 23:41:26 [ SERVER RESPONSE ] : Response validation successful
2025-02-13 23:41:38 [ TCP & NETWORKSTREAM ] : No active connection, attempting to connect...
2025-02-13 23:41:38 [ TCP CLIENT ] : Successfully connected to server
2025-02-13 23:41:38 [ NETWORKSTREAM ] : Packet sent success.
2025-02-13 23:41:38 [ JSON RESPONSE ] : Received response: {"Type":4,"Data":{"success":"false","message":"Invalid username or password"},"Success":false,"Message":"Invalid username or password"}
2025-02-13 23:41:38 [ SERVER RESPONSE ] : Response validation successful
2025-02-13 23:41:42 [ TCP & NETWORKSTREAM ] : No active connection, attempting to connect...
2025-02-13 23:41:42 [ TCP CLIENT ] : Successfully connected to server
2025-02-13 23:41:42 [ NETWORKSTREAM ] : Packet sent success.
2025-02-13 23:41:42 [ JSON RESPONSE ] : Received response: {"Type":4,"Data":{"success":"false","message":"Invalid username or password"},"Success":false,"Message":"Invalid username or password"}
2025-02-13 23:41:42 [ SERVER RESPONSE ] : Response validation successful
2025-02-13 23:41:45 [ TCP & NETWORKSTREAM ] : No active connection, attempting to connect...
2025-02-13 23:41:45 [ TCP CLIENT ] : Successfully connected to server
2025-02-13 23:41:45 [ NETWORKSTREAM ] : Packet sent success.
2025-02-13 23:41:45 [ JSON RESPONSE ] : Received response: {"Type":4,"Data":{"success":"false","message":"Invalid username or password"},"Success":false,"Message":"Invalid username or password"}
2025-02-13 23:41:45 [ SERVER RESPONSE ] : Response validation successful
2025-02-13 23:41:52 [ TCP & NETWORKSTREAM ] : No active connection, attempting to connect...
2025-02-13 23:41:52 [ TCP CLIENT ] : Successfully connected to server
2025-02-13 23:41:52 [ NETWORKSTREAM ] : Packet sent success.
2025-02-13 23:41:52 [ JSON RESPONSE ] : Received response: {"Type":4,"Data":{"success":"false","message":"Invalid username or password"},"Success":false,"Message":"Invalid username or password"}
2025-02-13 23:41:52 [ SERVER RESPONSE ] : Response validation successful
2025-02-13 23:41:58 [ TCP & NETWORKSTREAM ] : No active connection, attempting to connect...
2025-02-13 23:41:58 [ TCP CLIENT ] : Successfully connected to server
2025-02-13 23:41:58 [ NETWORKSTREAM ] : Packet sent success.
2025-02-13 23:41:58 [ JSON RESPONSE ] : Received response: {"Type":4,"Data":{"success":"false","message":"Invalid username or password"},"Success":false,"Message":"Invalid username or password"}
2025-02-13 23:41:58 [ SERVER RESPONSE ] : Response validation successful
2025-02-13 23:42:02 [ TCP & NETWORKSTREAM ] : No active connection, attempting to connect...
2025-02-13 23:42:02 [ TCP CLIENT ] : Successfully connected to server
2025-02-13 23:42:02 [ NETWORKSTREAM ] : Packet sent success.
2025-02-13 23:42:02 [ JSON RESPONSE ] : Received response: {"Type":4,"Data":{"success":"false","message":"Invalid username or password"},"Success":false,"Message":"Invalid username or password"}
2025-02-13 23:42:02 [ SERVER RESPONSE ] : Response validation successful
